This file contains any messages produced by compilers while
running configure, to aid debugging if configure makes a mistake.

It was created by bluez configure 5.37, which was
generated by GNU Autoconf 2.69.  Invocation command line was

  $ ./configure 

## --------- ##
## Platform. ##
## --------- ##

hostname = antlab
uname -m = x86_64
uname -r = 4.4.0-119-generic
uname -s = Linux
uname -v = #143-Ubuntu SMP Mon Apr 2 16:08:24 UTC 2018

/usr/bin/uname -p = unknown
/bin/uname -X     = unknown

/bin/arch              = unknown
/usr/bin/arch -k       = unknown
/usr/convex/getsysinfo = unknown
/usr/bin/hostinfo      = unknown
/bin/machine           = unknown
/usr/bin/oslevel       = unknown
/bin/universe          = unknown

PATH: /home/cluster/bin
PATH: /home/cluster/.local/bin
PATH: /usr/local/sbin
PATH: /usr/local/bin
PATH: /usr/sbin
PATH: /usr/bin
PATH: /sbin
PATH: /bin
PATH: /usr/games
PATH: /usr/local/games
PATH: /snap/bin


## ----------- ##
## Core tests. ##
## ----------- ##

configure:2415: checking for a BSD-compatible install
configure:2483: result: /usr/bin/install -c
configure:2494: checking whether build environment is sane
configure:2549: result: yes
configure:2700: checking for a thread-safe mkdir -p
configure:2739: result: /bin/mkdir -p
configure:2746: checking for gawk
configure:2762: found /usr/bin/gawk
configure:2773: result: gawk
configure:2784: checking whether make sets $(MAKE)
configure:2806: result: yes
configure:2835: checking whether make supports nested variables
configure:2852: result: yes
configure:2931: checking how to create a pax tar archive
configure:2942: tar --version
tar (GNU tar) 1.28
Copyright (C) 2014 Free Software Foundation, Inc.
License GPLv3+: GNU GPL version 3 or later <http://gnu.org/licenses/gpl.html>.
This is free software: you are free to change and redistribute it.
There is NO WARRANTY, to the extent permitted by law.

Written by John Gilmore and Jay Fenlason.
configure:2945: $? = 0
configure:2985: tardir=conftest.dir && eval tar --format=posix -chf - "$tardir" >conftest.tar
configure:2988: $? = 0
configure:2992: tar -xf - <conftest.tar
configure:2995: $? = 0
configure:2997: cat conftest.dir/file
GrepMe
configure:3000: $? = 0
configure:3013: result: gnutar
configure:3077: checking for style of include used by make
configure:3105: result: GNU
configure:3176: checking for gcc
configure:3192: found /usr/bin/gcc
configure:3203: result: gcc
configure:3432: checking for C compiler version
configure:3441: gcc --version >&5
gcc (Ubuntu 5.4.0-6ubuntu1~16.04.9) 5.4.0 20160609
Copyright (C) 2015 Free Software Foundation, Inc.
This is free software; see the source for copying conditions.  There is NO
warranty; not even for MERCHANTABILITY or FITNESS FOR A PARTICULAR PURPOSE.

configure:3452: $? = 0
configure:3441: gcc -v >&5
Using built-in specs.
COLLECT_GCC=gcc
COLLECT_LTO_WRAPPER=/usr/lib/gcc/x86_64-linux-gnu/5/lto-wrapper
Target: x86_64-linux-gnu
Configured with: ../src/configure -v --with-pkgversion='Ubuntu 5.4.0-6ubuntu1~16.04.9' --with-bugurl=file:///usr/share/doc/gcc-5/README.Bugs --enable-languages=c,ada,c++,java,go,d,fortran,objc,obj-c++ --prefix=/usr --program-suffix=-5 --enable-shared --enable-linker-build-id --libexecdir=/usr/lib --without-included-gettext --enable-threads=posix --libdir=/usr/lib --enable-nls --with-sysroot=/ --enable-clocale=gnu --enable-libstdcxx-debug --enable-libstdcxx-time=yes --with-default-libstdcxx-abi=new --enable-gnu-unique-object --disable-vtable-verify --enable-libmpx --enable-plugin --with-system-zlib --disable-browser-plugin --enable-java-awt=gtk --enable-gtk-cairo --with-java-home=/usr/lib/jvm/java-1.5.0-gcj-5-amd64/jre --enable-java-home --with-jvm-root-dir=/usr/lib/jvm/java-1.5.0-gcj-5-amd64 --with-jvm-jar-dir=/usr/lib/jvm-exports/java-1.5.0-gcj-5-amd64 --with-arch-directory=amd64 --with-ecj-jar=/usr/share/java/eclipse-ecj.jar --enable-objc-gc --enable-multiarch --disable-werror --with-arch-32=i686 --with-abi=m64 --with-multilib-list=m32,m64,mx32 --enable-multilib --with-tune=generic --enable-checking=release --build=x86_64-linux-gnu --host=x86_64-linux-gnu --target=x86_64-linux-gnu
Thread model: posix
gcc version 5.4.0 20160609 (Ubuntu 5.4.0-6ubuntu1~16.04.9) 
configure:3452: $? = 0
configure:3441: gcc -V >&5
gcc: error: unrecognized command line option '-V'
gcc: fatal error: no input files
compilation terminated.
configure:3452: $? = 1
configure:3441: gcc -qversion >&5
gcc: error: unrecognized command line option '-qversion'
gcc: fatal error: no input files
compilation terminated.
configure:3452: $? = 1
configure:3472: checking whether the C compiler works
configure:3494: gcc    conftest.c  >&5
configure:3498: $? = 0
configure:3546: result: yes
configure:3549: checking for C compiler default output file name
configure:3551: result: a.out
configure:3557: checking for suffix of executables
configure:3564: gcc -o conftest    conftest.c  >&5
configure:3568: $? = 0
configure:3590: result: 
configure:3612: checking whether we are cross compiling
configure:3620: gcc -o conftest    conftest.c  >&5
configure:3624: $? = 0
configure:3631: ./conftest
configure:3635: $? = 0
configure:3650: result: no
configure:3655: checking for suffix of object files
configure:3677: gcc -c   conftest.c >&5
configure:3681: $? = 0
configure:3702: result: o
configure:3706: checking whether we are using the GNU C compiler
configure:3725: gcc -c   conftest.c >&5
configure:3725: $? = 0
configure:3734: result: yes
configure:3743: checking whether gcc accepts -g
configure:3763: gcc -c -g  conftest.c >&5
configure:3763: $? = 0
configure:3804: result: yes
configure:3821: checking for gcc option to accept ISO C89
configure:3884: gcc  -c -g -O2  conftest.c >&5
configure:3884: $? = 0
configure:3897: result: none needed
configure:3922: checking whether gcc understands -c and -o together
configure:3944: gcc -c conftest.c -o conftest2.o
configure:3947: $? = 0
configure:3944: gcc -c conftest.c -o conftest2.o
configure:3947: $? = 0
configure:3959: result: yes
configure:3978: checking dependency style of gcc
configure:4089: result: gcc3
configure:4110: checking how to run the C preprocessor
configure:4141: gcc -E  conftest.c
configure:4141: $? = 0
configure:4155: gcc -E  conftest.c
conftest.c:11:28: fatal error: ac_nonexistent.h: No such file or directory
compilation terminated.
configure:4155: $? = 1
configure: failed program was:
| /* confdefs.h */
| #define PACKAGE_NAME "bluez"
| #define PACKAGE_TARNAME "bluez"
| #define PACKAGE_VERSION "5.37"
| #define PACKAGE_STRING "bluez 5.37"
| #define PACKAGE_BUGREPORT ""
| #define PACKAGE_URL ""
| #define PACKAGE "bluez"
| #define VERSION "5.37"
| /* end confdefs.h.  */
| #include <ac_nonexistent.h>
configure:4180: result: gcc -E
configure:4200: gcc -E  conftest.c
configure:4200: $? = 0
configure:4214: gcc -E  conftest.c
conftest.c:11:28: fatal error: ac_nonexistent.h: No such file or directory
compilation terminated.
configure:4214: $? = 1
configure: failed program was:
| /* confdefs.h */
| #define PACKAGE_NAME "bluez"
| #define PACKAGE_TARNAME "bluez"
| #define PACKAGE_VERSION "5.37"
| #define PACKAGE_STRING "bluez 5.37"
| #define PACKAGE_BUGREPORT ""
| #define PACKAGE_URL ""
| #define PACKAGE "bluez"
| #define VERSION "5.37"
| /* end confdefs.h.  */
| #include <ac_nonexistent.h>
configure:4243: checking for grep that handles long lines and -e
configure:4301: result: /bin/grep
configure:4306: checking for egrep
configure:4368: result: /bin/grep -E
configure:4373: checking for ANSI C header files
configure:4393: gcc -c -g -O2  conftest.c >&5
configure:4393: $? = 0
configure:4466: gcc -o conftest -g -O2   conftest.c  >&5
configure:4466: $? = 0
configure:4466: ./conftest
configure:4466: $? = 0
configure:4477: result: yes
configure:4490: checking for sys/types.h
configure:4490: gcc -c -g -O2  conftest.c >&5
configure:4490: $? = 0
configure:4490: result: yes
configure:4490: checking for sys/stat.h
configure:4490: gcc -c -g -O2  conftest.c >&5
configure:4490: $? = 0
configure:4490: result: yes
configure:4490: checking for stdlib.h
configure:4490: gcc -c -g -O2  conftest.c >&5
configure:4490: $? = 0
configure:4490: result: yes
configure:4490: checking for string.h
configure:4490: gcc -c -g -O2  conftest.c >&5
configure:4490: $? = 0
configure:4490: result: yes
configure:4490: checking for memory.h
configure:4490: gcc -c -g -O2  conftest.c >&5
configure:4490: $? = 0
configure:4490: result: yes
configure:4490: checking for strings.h
configure:4490: gcc -c -g -O2  conftest.c >&5
configure:4490: $? = 0
configure:4490: result: yes
configure:4490: checking for inttypes.h
configure:4490: gcc -c -g -O2  conftest.c >&5
configure:4490: $? = 0
configure:4490: result: yes
configure:4490: checking for stdint.h
configure:4490: gcc -c -g -O2  conftest.c >&5
configure:4490: $? = 0
configure:4490: result: yes
configure:4490: checking for unistd.h
configure:4490: gcc -c -g -O2  conftest.c >&5
configure:4490: $? = 0
configure:4490: result: yes
configure:4503: checking minix/config.h usability
configure:4503: gcc -c -g -O2  conftest.c >&5
conftest.c:54:26: fatal error: minix/config.h: No such file or directory
compilation terminated.
configure:4503: $? = 1
configure: failed program was:
| /* confdefs.h */
| #define PACKAGE_NAME "bluez"
| #define PACKAGE_TARNAME "bluez"
| #define PACKAGE_VERSION "5.37"
| #define PACKAGE_STRING "bluez 5.37"
| #define PACKAGE_BUGREPORT ""
| #define PACKAGE_URL ""
| #define PACKAGE "bluez"
| #define VERSION "5.37"
| #define STDC_HEADERS 1
| #define HAVE_SYS_TYPES_H 1
| #define HAVE_SYS_STAT_H 1
| #define HAVE_STDLIB_H 1
| #define HAVE_STRING_H 1
| #define HAVE_MEMORY_H 1
| #define HAVE_STRINGS_H 1
| #define HAVE_INTTYPES_H 1
| #define HAVE_STDINT_H 1
| #define HAVE_UNISTD_H 1
| /* end confdefs.h.  */
| #include <stdio.h>
| #ifdef HAVE_SYS_TYPES_H
| # include <sys/types.h>
| #endif
| #ifdef HAVE_SYS_STAT_H
| # include <sys/stat.h>
| #endif
| #ifdef STDC_HEADERS
| # include <stdlib.h>
| # include <stddef.h>
| #else
| # ifdef HAVE_STDLIB_H
| #  include <stdlib.h>
| # endif
| #endif
| #ifdef HAVE_STRING_H
| # if !defined STDC_HEADERS && defined HAVE_MEMORY_H
| #  include <memory.h>
| # endif
| # include <string.h>
| #endif
| #ifdef HAVE_STRINGS_H
| # include <strings.h>
| #endif
| #ifdef HAVE_INTTYPES_H
| # include <inttypes.h>
| #endif
| #ifdef HAVE_STDINT_H
| # include <stdint.h>
| #endif
| #ifdef HAVE_UNISTD_H
| # include <unistd.h>
| #endif
| #include <minix/config.h>
configure:4503: result: no
configure:4503: checking minix/config.h presence
configure:4503: gcc -E  conftest.c
conftest.c:21:26: fatal error: minix/config.h: No such file or directory
compilation terminated.
configure:4503: $? = 1
configure: failed program was:
| /* confdefs.h */
| #define PACKAGE_NAME "bluez"
| #define PACKAGE_TARNAME "bluez"
| #define PACKAGE_VERSION "5.37"
| #define PACKAGE_STRING "bluez 5.37"
| #define PACKAGE_BUGREPORT ""
| #define PACKAGE_URL ""
| #define PACKAGE "bluez"
| #define VERSION "5.37"
| #define STDC_HEADERS 1
| #define HAVE_SYS_TYPES_H 1
| #define HAVE_SYS_STAT_H 1
| #define HAVE_STDLIB_H 1
| #define HAVE_STRING_H 1
| #define HAVE_MEMORY_H 1
| #define HAVE_STRINGS_H 1
| #define HAVE_INTTYPES_H 1
| #define HAVE_STDINT_H 1
| #define HAVE_UNISTD_H 1
| /* end confdefs.h.  */
| #include <minix/config.h>
configure:4503: result: no
configure:4503: checking for minix/config.h
configure:4503: result: no
configure:4524: checking whether it is safe to define __EXTENSIONS__
configure:4542: gcc -c -g -O2  conftest.c >&5
configure:4542: $? = 0
configure:4549: result: yes
configure:4575: checking whether make supports nested variables
configure:4592: result: yes
configure:4605: checking whether to enable maintainer-specific portions of Makefiles
configure:4614: result: no
configure:4684: checking for pkg-config
configure:4702: found /usr/bin/pkg-config
configure:4714: result: /usr/bin/pkg-config
configure:4739: checking pkg-config is at least version 0.9.0
configure:4742: result: yes
configure:4778: checking for C/C++ restrict keyword
configure:4803: gcc -c -g -O2  conftest.c >&5
configure:4803: $? = 0
configure:4811: result: __restrict
configure:4873: checking for gcc
configure:4900: result: gcc
configure:5129: checking for C compiler version
configure:5138: gcc --version >&5
gcc (Ubuntu 5.4.0-6ubuntu1~16.04.9) 5.4.0 20160609
Copyright (C) 2015 Free Software Foundation, Inc.
This is free software; see the source for copying conditions.  There is NO
warranty; not even for MERCHANTABILITY or FITNESS FOR A PARTICULAR PURPOSE.

configure:5149: $? = 0
configure:5138: gcc -v >&5
Using built-in specs.
COLLECT_GCC=gcc
COLLECT_LTO_WRAPPER=/usr/lib/gcc/x86_64-linux-gnu/5/lto-wrapper
Target: x86_64-linux-gnu
Configured with: ../src/configure -v --with-pkgversion='Ubuntu 5.4.0-6ubuntu1~16.04.9' --with-bugurl=file:///usr/share/doc/gcc-5/README.Bugs --enable-languages=c,ada,c++,java,go,d,fortran,objc,obj-c++ --prefix=/usr --program-suffix=-5 --enable-shared --enable-linker-build-id --libexecdir=/usr/lib --without-included-gettext --enable-threads=posix --libdir=/usr/lib --enable-nls --with-sysroot=/ --enable-clocale=gnu --enable-libstdcxx-debug --enable-libstdcxx-time=yes --with-default-libstdcxx-abi=new --enable-gnu-unique-object --disable-vtable-verify --enable-libmpx --enable-plugin --with-system-zlib --disable-browser-plugin --enable-java-awt=gtk --enable-gtk-cairo --with-java-home=/usr/lib/jvm/java-1.5.0-gcj-5-amd64/jre --enable-java-home --with-jvm-root-dir=/usr/lib/jvm/java-1.5.0-gcj-5-amd64 --with-jvm-jar-dir=/usr/lib/jvm-exports/java-1.5.0-gcj-5-amd64 --with-arch-directory=amd64 --with-ecj-jar=/usr/share/java/eclipse-ecj.jar --enable-objc-gc --enable-multiarch --disable-werror --with-arch-32=i686 --with-abi=m64 --with-multilib-list=m32,m64,mx32 --enable-multilib --with-tune=generic --enable-checking=release --build=x86_64-linux-gnu --host=x86_64-linux-gnu --target=x86_64-linux-gnu
Thread model: posix
gcc version 5.4.0 20160609 (Ubuntu 5.4.0-6ubuntu1~16.04.9) 
configure:5149: $? = 0
configure:5138: gcc -V >&5
gcc: error: unrecognized command line option '-V'
gcc: fatal error: no input files
compilation terminated.
configure:5149: $? = 1
configure:5138: gcc -qversion >&5
gcc: error: unrecognized command line option '-qversion'
gcc: fatal error: no input files
compilation terminated.
configure:5149: $? = 1
configure:5153: checking whether we are using the GNU C compiler
configure:5181: result: yes
configure:5190: checking whether gcc accepts -g
configure:5251: result: yes
configure:5268: checking for gcc option to accept ISO C89
configure:5344: result: none needed
configure:5369: checking whether gcc understands -c and -o together
configure:5406: result: yes
configure:5425: checking dependency style of gcc
configure:5536: result: gcc3
configure:5553: checking whether gcc accepts -fPIE
configure:5568: result: yes
configure:5637: checking build system type
configure:5651: result: x86_64-unknown-linux-gnu
configure:5671: checking host system type
configure:5684: result: x86_64-unknown-linux-gnu
configure:5725: checking how to print strings
configure:5752: result: printf
configure:5773: checking for a sed that does not truncate output
configure:5837: result: /bin/sed
configure:5855: checking for fgrep
configure:5917: result: /bin/grep -F
configure:5952: checking for ld used by gcc
configure:6019: result: /usr/bin/ld
configure:6026: checking if the linker (/usr/bin/ld) is GNU ld
configure:6041: result: yes
configure:6053: checking for BSD- or MS-compatible name lister (nm)
configure:6102: result: /usr/bin/nm -B
configure:6232: checking the name lister (/usr/bin/nm -B) interface
configure:6239: gcc -c -g -O2  conftest.c >&5
configure:6242: /usr/bin/nm -B "conftest.o"
configure:6245: output
0000000000000000 B some_variable
configure:6252: result: BSD nm
configure:6255: checking whether ln -s works
configure:6259: result: yes
configure:6267: checking the maximum length of command line arguments
configure:6398: result: 1572864
configure:6415: checking whether the shell understands some XSI constructs
configure:6425: result: yes
configure:6429: checking whether the shell understands "+="
configure:6435: result: yes
configure:6470: checking how to convert x86_64-unknown-linux-gnu file names to x86_64-unknown-linux-gnu format
configure:6510: result: func_convert_file_noop
configure:6517: checking how to convert x86_64-unknown-linux-gnu file names to toolchain format
configure:6537: result: func_convert_file_noop
configure:6544: checking for /usr/bin/ld option to reload object files
configure:6551: result: -r
configure:6625: checking for objdump
configure:6641: found /usr/bin/objdump
configure:6652: result: objdump
configure:6684: checking how to recognize dependent libraries
configure:6882: result: pass_all
configure:6967: checking for dlltool
configure:6997: result: no
configure:7027: checking how to associate runtime and link libraries
configure:7054: result: printf %s\n
configure:7114: checking for ar
configure:7130: found /usr/bin/ar
configure:7141: result: ar
configure:7178: checking for archiver @FILE support
configure:7195: gcc -c -g -O2  conftest.c >&5
configure:7195: $? = 0
configure:7198: ar cru libconftest.a @conftest.lst >&5
ar: `u' modifier ignored since `D' is the default (see `U')
configure:7201: $? = 0
configure:7206: ar cru libconftest.a @conftest.lst >&5
ar: `u' modifier ignored since `D' is the default (see `U')
ar: conftest.o: No such file or directory
configure:7209: $? = 1
configure:7221: result: @
configure:7279: checking for strip
configure:7295: found /usr/bin/strip
configure:7306: result: strip
configure:7378: checking for ranlib
configure:7394: found /usr/bin/ranlib
configure:7405: result: ranlib
configure:7507: checking command to parse /usr/bin/nm -B output from gcc object
configure:7627: gcc -c -g -O2  conftest.c >&5
configure:7630: $? = 0
configure:7634: /usr/bin/nm -B conftest.o \| sed -n -e 's/^.*[ ]\([ABCDGIRSTW][ABCDGIRSTW]*\)[ ][ ]*\([_A-Za-z][_A-Za-z0-9]*\)$/\1 \2 \2/p' | sed '/ __gnu_lto/d' \> conftest.nm
configure:7637: $? = 0
configure:7703: gcc -o conftest -g -O2   conftest.c conftstm.o >&5
configure:7706: $? = 0
configure:7744: result: ok
configure:7781: checking for sysroot
configure:7811: result: no
configure:7888: gcc -c -g -O2  conftest.c >&5
configure:7891: $? = 0
configure:8080: checking for mt
configure:8096: found /bin/mt
configure:8107: result: mt
configure:8130: checking if mt is a manifest tool
configure:8136: mt '-?'
configure:8144: result: no
configure:8783: checking for dlfcn.h
configure:8783: gcc -c -g -O2  conftest.c >&5
configure:8783: $? = 0
configure:8783: result: yes
configure:8959: checking for objdir
configure:8974: result: .libs
configure:9241: checking if gcc supports -fno-rtti -fno-exceptions
configure:9259: gcc -c -g -O2  -fno-rtti -fno-exceptions conftest.c >&5
cc1: warning: command line option '-fno-rtti' is valid for C++/ObjC++ but not for C
configure:9263: $? = 0
configure:9276: result: no
configure:9603: checking for gcc option to produce PIC
configure:9610: result: -fPIC -DPIC
configure:9618: checking if gcc PIC flag -fPIC -DPIC works
configure:9636: gcc -c -g -O2  -fPIC -DPIC -DPIC conftest.c >&5
configure:9640: $? = 0
configure:9653: result: yes
configure:9682: checking if gcc static flag -static works
configure:9710: result: yes
configure:9725: checking if gcc supports -c -o file.o
configure:9746: gcc -c -g -O2  -o out/conftest2.o conftest.c >&5
configure:9750: $? = 0
configure:9772: result: yes
configure:9780: checking if gcc supports -c -o file.o
configure:9827: result: yes
configure:9860: checking whether the gcc linker (/usr/bin/ld -m elf_x86_64) supports shared libraries
configure:11017: result: yes
configure:11054: checking whether -lc should be explicitly linked in
configure:11062: gcc -c -g -O2  conftest.c >&5
configure:11065: $? = 0
configure:11080: gcc -shared  -fPIC -DPIC conftest.o  -v -Wl,-soname -Wl,conftest -o conftest 2\>\&1 \| /bin/grep  -lc  \>/dev/null 2\>\&1
configure:11083: $? = 0
configure:11097: result: no
configure:11257: checking dynamic linker characteristics
configure:11757: gcc -o conftest -g -O2   -Wl,-rpath -Wl,/foo conftest.c  >&5
configure:11757: $? = 0
configure:11991: result: GNU/Linux ld.so
configure:12098: checking how to hardcode library paths into programs
configure:12123: result: immediate
configure:12663: checking whether stripping libraries is possible
configure:12668: result: yes
configure:12703: checking if libtool supports shared libraries
configure:12705: result: yes
configure:12708: checking whether to build shared libraries
configure:12729: result: yes
configure:12732: checking whether to build static libraries
configure:12736: result: no
configure:12974: checking for signalfd
configure:12974: gcc -o conftest -g -O2   conftest.c  >&5
configure:12974: $? = 0
configure:12974: result: yes
configure:12982: checking for clock_gettime in -lrt
configure:13007: gcc -o conftest -g -O2   conftest.c -lrt   >&5
configure:13007: $? = 0
configure:13016: result: yes
configure:13025: checking for pthread_create in -lpthread
configure:13050: gcc -o conftest -g -O2   conftest.c -lpthread   >&5
configure:13050: $? = 0
configure:13059: result: yes
configure:13068: checking for dlopen in -ldl
configure:13093: gcc -o conftest -g -O2   conftest.c -ldl   >&5
configure:13093: $? = 0
configure:13102: result: yes
configure:13114: checking linux/types.h usability
configure:13114: gcc -c -g -O2  conftest.c >&5
configure:13114: $? = 0
configure:13114: result: yes
configure:13114: checking linux/types.h presence
configure:13114: gcc -E  conftest.c
configure:13114: $? = 0
configure:13114: result: yes
configure:13114: checking for linux/types.h
configure:13114: result: yes
configure:13114: checking linux/if_alg.h usability
configure:13114: gcc -c -g -O2  conftest.c >&5
configure:13114: $? = 0
configure:13114: result: yes
configure:13114: checking linux/if_alg.h presence
configure:13114: gcc -E  conftest.c
configure:13114: $? = 0
configure:13114: result: yes
configure:13114: checking for linux/if_alg.h
configure:13114: result: yes
configure:13127: checking for GLIB
configure:13134: $PKG_CONFIG --exists --print-errors "glib-2.0 >= 2.28"
configure:13137: $? = 0
configure:13151: $PKG_CONFIG --exists --print-errors "glib-2.0 >= 2.28"
configure:13154: $? = 0
configure:13192: result: yes
configure:13280: checking for DBUS
configure:13287: $PKG_CONFIG --exists --print-errors "dbus-1 >= 1.6"
configure:13290: $? = 0
configure:13304: $PKG_CONFIG --exists --print-errors "dbus-1 >= 1.6"
configure:13307: $? = 0
configure:13345: result: yes
configure:13359: checking D-Bus configuration directory
configure:13365: result: /etc
configure:13378: checking D-Bus system bus services dir
configure:13384: result: /usr/share/dbus-1/system-services
configure:13397: checking D-Bus session bus services dir
configure:13403: result: /usr/share/dbus-1/services
configure:13497: checking for UDEV
configure:13504: $PKG_CONFIG --exists --print-errors "libudev >= 172"
configure:13507: $? = 0
configure:13521: $PKG_CONFIG --exists --print-errors "libudev >= 172"
configure:13524: $? = 0
configure:13562: result: yes
configure:13568: checking for udev_hwdb_new in -ludev
configure:13593: gcc -o conftest -g -O2   conftest.c -ludev   >&5
configure:13593: $? = 0
configure:13602: result: yes
configure:13627: checking udev directory
configure:13633: result: /lib/udev
configure:13671: checking for ICAL
configure:13678: $PKG_CONFIG --exists --print-errors "libical"
configure:13681: $? = 0
configure:13695: $PKG_CONFIG --exists --print-errors "libical"
configure:13698: $? = 0
configure:13736: result: yes
configure:13769: checking readline/readline.h usability
configure:13769: gcc -c -g -O2  conftest.c >&5
configure:13769: $? = 0
configure:13769: result: yes
configure:13769: checking readline/readline.h presence
configure:13769: gcc -E  conftest.c
configure:13769: $? = 0
configure:13769: result: yes
configure:13769: checking for readline/readline.h
configure:13769: result: yes
configure:13812: checking systemd system unit dir
configure:13818: result: /lib/systemd/system
configure:13831: checking systemd user unit dir
configure:13837: result: /usr/lib/systemd/user
configure:14216: checking that generated files are newer than configure
configure:14222: result: done
configure:14329: creating ./config.status

## ---------------------- ##
## Running config.status. ##
## ---------------------- ##

This file was extended by bluez config.status 5.37, which was
generated by GNU Autoconf 2.69.  Invocation command line was

  CONFIG_FILES    = 
  CONFIG_HEADERS  = 
  CONFIG_LINKS    = 
  CONFIG_COMMANDS = 
  $ ./config.status 

on antlab

config.status:1168: creating Makefile
config.status:1168: creating src/bluetoothd.8
config.status:1168: creating lib/bluez.pc
config.status:1168: creating config.h
config.status:1397: executing depfiles commands
config.status:1397: executing libtool commands

## ---------------- ##
## Cache variables. ##
## ---------------- ##

ac_cv_build=x86_64-unknown-linux-gnu
ac_cv_c_compiler_gnu=yes
ac_cv_c_restrict=__restrict
ac_cv_env_CC_set=
ac_cv_env_CC_value=
ac_cv_env_CFLAGS_set=
ac_cv_env_CFLAGS_value=
ac_cv_env_CPPFLAGS_set=
ac_cv_env_CPPFLAGS_value=
ac_cv_env_CPP_set=
ac_cv_env_CPP_value=
ac_cv_env_DBUS_CFLAGS_set=
ac_cv_env_DBUS_CFLAGS_value=
ac_cv_env_DBUS_LIBS_set=
ac_cv_env_DBUS_LIBS_value=
ac_cv_env_GLIB_CFLAGS_set=
ac_cv_env_GLIB_CFLAGS_value=
ac_cv_env_GLIB_LIBS_set=
ac_cv_env_GLIB_LIBS_value=
ac_cv_env_GTHREAD_CFLAGS_set=
ac_cv_env_GTHREAD_CFLAGS_value=
ac_cv_env_GTHREAD_LIBS_set=
ac_cv_env_GTHREAD_LIBS_value=
ac_cv_env_ICAL_CFLAGS_set=
ac_cv_env_ICAL_CFLAGS_value=
ac_cv_env_ICAL_LIBS_set=
ac_cv_env_ICAL_LIBS_value=
ac_cv_env_LDFLAGS_set=
ac_cv_env_LDFLAGS_value=
ac_cv_env_LIBS_set=
ac_cv_env_LIBS_value=
ac_cv_env_PKG_CONFIG_LIBDIR_set=
ac_cv_env_PKG_CONFIG_LIBDIR_value=
ac_cv_env_PKG_CONFIG_PATH_set=
ac_cv_env_PKG_CONFIG_PATH_value=
ac_cv_env_PKG_CONFIG_set=
ac_cv_env_PKG_CONFIG_value=
ac_cv_env_SBC_CFLAGS_set=
ac_cv_env_SBC_CFLAGS_value=
ac_cv_env_SBC_LIBS_set=
ac_cv_env_SBC_LIBS_value=
ac_cv_env_SPEEXDSP_CFLAGS_set=
ac_cv_env_SPEEXDSP_CFLAGS_value=
ac_cv_env_SPEEXDSP_LIBS_set=
ac_cv_env_SPEEXDSP_LIBS_value=
ac_cv_env_UDEV_CFLAGS_set=
ac_cv_env_UDEV_CFLAGS_value=
ac_cv_env_UDEV_LIBS_set=
ac_cv_env_UDEV_LIBS_value=
ac_cv_env_build_alias_set=
ac_cv_env_build_alias_value=
ac_cv_env_host_alias_set=
ac_cv_env_host_alias_value=
ac_cv_env_target_alias_set=
ac_cv_env_target_alias_value=
ac_cv_func_signalfd=yes
ac_cv_header_dlfcn_h=yes
ac_cv_header_inttypes_h=yes
ac_cv_header_linux_if_alg_h=yes
ac_cv_header_linux_types_h=yes
ac_cv_header_memory_h=yes
ac_cv_header_minix_config_h=no
ac_cv_header_readline_readline_h=yes
ac_cv_header_stdc=yes
ac_cv_header_stdint_h=yes
ac_cv_header_stdlib_h=yes
ac_cv_header_string_h=yes
ac_cv_header_strings_h=yes
ac_cv_header_sys_stat_h=yes
ac_cv_header_sys_types_h=yes
ac_cv_header_unistd_h=yes
ac_cv_host=x86_64-unknown-linux-gnu
ac_cv_lib_dl_dlopen=yes
ac_cv_lib_pthread_pthread_create=yes
ac_cv_lib_rt_clock_gettime=yes
ac_cv_lib_udev_udev_hwdb_new=yes
ac_cv_objext=o
ac_cv_path_EGREP='/bin/grep -E'
ac_cv_path_FGREP='/bin/grep -F'
ac_cv_path_GREP=/bin/grep
ac_cv_path_SED=/bin/sed
ac_cv_path_ac_pt_PKG_CONFIG=/usr/bin/pkg-config
ac_cv_path_install='/usr/bin/install -c'
ac_cv_path_mkdir=/bin/mkdir
ac_cv_prog_AWK=gawk
ac_cv_prog_CPP='gcc -E'
ac_cv_prog_ac_ct_AR=ar
ac_cv_prog_ac_ct_CC=gcc
ac_cv_prog_ac_ct_MANIFEST_TOOL=mt
ac_cv_prog_ac_ct_OBJDUMP=objdump
ac_cv_prog_ac_ct_RANLIB=ranlib
ac_cv_prog_ac_ct_STRIP=strip
ac_cv_prog_cc_c89=
ac_cv_prog_cc_g=yes
ac_cv_prog_cc_pie=yes
ac_cv_prog_make_make_set=yes
ac_cv_safe_to_define___extensions__=yes
am_cv_CC_dependencies_compiler_type=gcc3
am_cv_make_support_nested_variables=yes
am_cv_prog_cc_c_o=yes
am_cv_prog_tar_pax=gnutar
lt_cv_ar_at_file=@
lt_cv_archive_cmds_need_lc=no
lt_cv_deplibs_check_method=pass_all
lt_cv_file_magic_cmd='$MAGIC_CMD'
lt_cv_file_magic_test_file=
lt_cv_ld_reload_flag=-r
lt_cv_nm_interface='BSD nm'
lt_cv_objdir=.libs
lt_cv_path_LD=/usr/bin/ld
lt_cv_path_NM='/usr/bin/nm -B'
lt_cv_path_mainfest_tool=no
lt_cv_prog_compiler_c_o=yes
lt_cv_prog_compiler_pic='-fPIC -DPIC'
lt_cv_prog_compiler_pic_works=yes
lt_cv_prog_compiler_rtti_exceptions=no
lt_cv_prog_compiler_static_works=yes
lt_cv_prog_gnu_ld=yes
lt_cv_sharedlib_from_linklib_cmd='printf %s\n'
lt_cv_shlibpath_overrides_runpath=no
lt_cv_sys_global_symbol_pipe='sed -n -e '\''s/^.*[	 ]\([ABCDGIRSTW][ABCDGIRSTW]*\)[	 ][	 ]*\([_A-Za-z][_A-Za-z0-9]*\)$/\1 \2 \2/p'\'' | sed '\''/ __gnu_lto/d'\'''
lt_cv_sys_global_symbol_to_c_name_address='sed -n -e '\''s/^: \([^ ]*\)[ ]*$/  {\"\1\", (void *) 0},/p'\'' -e '\''s/^[ABCDGIRSTW]* \([^ ]*\) \([^ ]*\)$/  {"\2", (void *) \&\2},/p'\'''
lt_cv_sys_global_symbol_to_c_name_address_lib_prefix='sed -n -e '\''s/^: \([^ ]*\)[ ]*$/  {\"\1\", (void *) 0},/p'\'' -e '\''s/^[ABCDGIRSTW]* \([^ ]*\) \(lib[^ ]*\)$/  {"\2", (void *) \&\2},/p'\'' -e '\''s/^[ABCDGIRSTW]* \([^ ]*\) \([^ ]*\)$/  {"lib\2", (void *) \&\2},/p'\'''
lt_cv_sys_global_symbol_to_cdecl='sed -n -e '\''s/^T .* \(.*\)$/extern int \1();/p'\'' -e '\''s/^[ABCDGIRSTW]* .* \(.*\)$/extern char \1;/p'\'''
lt_cv_sys_max_cmd_len=1572864
lt_cv_to_host_file_cmd=func_convert_file_noop
lt_cv_to_tool_file_cmd=func_convert_file_noop
pkg_cv_DBUS_CFLAGS='-I/usr/include/dbus-1.0 -I/usr/lib/x86_64-linux-gnu/dbus-1.0/include'
pkg_cv_DBUS_LIBS=-ldbus-1
pkg_cv_GLIB_CFLAGS='-I/usr/include/glib-2.0 -I/usr/lib/x86_64-linux-gnu/glib-2.0/include'
pkg_cv_GLIB_LIBS=-lglib-2.0
pkg_cv_ICAL_CFLAGS=
pkg_cv_ICAL_LIBS='-lical -licalss -licalvcal -lpthread'
pkg_cv_UDEV_CFLAGS=
pkg_cv_UDEV_LIBS=-ludev

## ----------------- ##
## Output variables. ##
## ----------------- ##

ACLOCAL='${SHELL} /home/cluster/bluez-5.37/missing aclocal-1.14'
AMDEPBACKSLASH='\'
AMDEP_FALSE='#'
AMDEP_TRUE=''
AMTAR='$${TAR-tar}'
AM_BACKSLASH='\'
AM_DEFAULT_V='$(AM_DEFAULT_VERBOSITY)'
AM_DEFAULT_VERBOSITY='0'
AM_V='$(V)'
ANDROID_FALSE=''
ANDROID_TRUE='#'
AR='ar'
AUTOCONF='${SHELL} /home/cluster/bluez-5.37/missing autoconf'
AUTOHEADER='${SHELL} /home/cluster/bluez-5.37/missing autoheader'
AUTOMAKE='${SHELL} /home/cluster/bluez-5.37/missing automake-1.14'
AWK='gawk'
BACKTRACE_CFLAGS=''
BACKTRACE_LIBS=''
CC='gcc'
CCDEPMODE='depmode=gcc3'
CFLAGS='-g -O2'
CLIENT_FALSE='#'
CLIENT_TRUE=''
CONFIGDIR='/usr/local/etc/bluetooth'
COVERAGE_FALSE=''
COVERAGE_TRUE='#'
CPP='gcc -E'
CPPFLAGS=''
CUPS_FALSE='#'
CUPS_TRUE=''
CYGPATH_W='echo'
DATAFILES_FALSE='#'
DATAFILES_TRUE=''
DBUS_CFLAGS='-I/usr/include/dbus-1.0 -I/usr/lib/x86_64-linux-gnu/dbus-1.0/include'
DBUS_CONFDIR='/etc'
DBUS_LIBS='-ldbus-1'
DBUS_RUN_SESSION_FALSE=''
DBUS_RUN_SESSION_TRUE='#'
DBUS_SESSIONBUSDIR='/usr/share/dbus-1/services'
DBUS_SYSTEMBUSDIR='/usr/share/dbus-1/system-services'
DEFS='-DHAVE_CONFIG_H'
DEPDIR='.deps'
DLLTOOL='false'
DSYMUTIL=''
DUMPBIN=''
ECHO_C=''
ECHO_N='-n'
ECHO_T=''
EGREP='/bin/grep -E'
EXEEXT=''
EXPERIMENTAL_FALSE=''
EXPERIMENTAL_TRUE='#'
FGREP='/bin/grep -F'
GLIB_CFLAGS='-I/usr/include/glib-2.0 -I/usr/lib/x86_64-linux-gnu/glib-2.0/include'
GLIB_LIBS='-lglib-2.0'
GREP='/bin/grep'
GTHREAD_CFLAGS=''
GTHREAD_LIBS=''
HID2HCI_FALSE='#'
HID2HCI_TRUE=''
ICAL_CFLAGS=''
ICAL_LIBS='-lical -licalss -licalvcal -lpthread'
INSTALL_DATA='${INSTALL} -m 644'
INSTALL_PROGRAM='${INSTALL}'
INSTALL_SCRIPT='${INSTALL}'
INSTALL_STRIP_PROGRAM='$(install_sh) -c -s'
LD='/usr/bin/ld -m elf_x86_64'
LDFLAGS=''
LIBOBJS=''
LIBRARY_FALSE=''
LIBRARY_TRUE='#'
LIBS=''
LIBTOOL='$(SHELL) $(top_builddir)/libtool'
LIPO=''
LN_S='ln -s'
LTLIBOBJS=''
MAINT='#'
MAINTAINER_MODE_FALSE=''
MAINTAINER_MODE_TRUE='#'
MAKEINFO='${SHELL} /home/cluster/bluez-5.37/missing makeinfo'
MANIFEST_TOOL=':'
MANPAGES_FALSE=''
MANPAGES_TRUE='#'
MISC_CFLAGS=''
MISC_LDFLAGS=''
MKDIR_P='/bin/mkdir -p'
MONITOR_FALSE='#'
MONITOR_TRUE=''
NM='/usr/bin/nm -B'
NMEDIT=''
OBEX_FALSE='#'
OBEX_TRUE=''
OBJDUMP='objdump'
OBJEXT='o'
OTOOL64=''
OTOOL=''
PACKAGE='bluez'
PACKAGE_BUGREPORT=''
PACKAGE_NAME='bluez'
PACKAGE_STRING='bluez 5.37'
PACKAGE_TARNAME='bluez'
PACKAGE_URL=''
PACKAGE_VERSION='5.37'
PATH_SEPARATOR=':'
PKG_CONFIG='/usr/bin/pkg-config'
PKG_CONFIG_LIBDIR=''
PKG_CONFIG_PATH=''
RANLIB='ranlib'
READLINE_FALSE='#'
READLINE_TRUE=''
SBC_CFLAGS=''
SBC_LIBS=''
SED='/bin/sed'
SET_MAKE=''
SHELL='/bin/bash'
SIXAXIS_FALSE=''
SIXAXIS_TRUE='#'
SPEEXDSP_CFLAGS=''
SPEEXDSP_LIBS=''
STRIP='strip'
SYSTEMD_FALSE='#'
SYSTEMD_SYSTEMUNITDIR='/lib/systemd/system'
SYSTEMD_TRUE=''
SYSTEMD_USERUNITDIR='/usr/lib/systemd/user'
TEST_FALSE=''
TEST_TRUE='#'
TOOLS_FALSE='#'
TOOLS_TRUE=''
UDEV_CFLAGS=''
UDEV_DIR='/lib/udev'
UDEV_FALSE='#'
UDEV_LIBS='-ludev'
UDEV_TRUE=''
VALGRIND_FALSE=''
VALGRIND_TRUE='#'
VERSION='5.37'
WARNING_CFLAGS=''
ac_ct_AR='ar'
ac_ct_CC='gcc'
ac_ct_DUMPBIN=''
am__EXEEXT_FALSE=''
am__EXEEXT_TRUE='#'
am__fastdepCC_FALSE='#'
am__fastdepCC_TRUE=''
am__include='include'
am__isrc=''
am__leading_dot='.'
am__nodep='_no'
am__quote=''
am__tar='tar --format=posix -chf - "$$tardir"'
am__untar='tar -xf -'
bindir='${exec_prefix}/bin'
build='x86_64-unknown-linux-gnu'
build_alias=''
build_cpu='x86_64'
build_os='linux-gnu'
build_vendor='unknown'
datadir='${datarootdir}'
datarootdir='${prefix}/share'
docdir='${datarootdir}/doc/${PACKAGE_TARNAME}'
dvidir='${docdir}'
enable_coverage=''
enable_dbus_run_session=''
enable_valgrind=''
exec_prefix='${prefix}'
host='x86_64-unknown-linux-gnu'
host_alias=''
host_cpu='x86_64'
host_os='linux-gnu'
host_vendor='unknown'
htmldir='${docdir}'
includedir='${prefix}/include'
infodir='${datarootdir}/info'
install_sh='${SHELL} /home/cluster/bluez-5.37/install-sh'
libdir='${exec_prefix}/lib'
libexecdir='${exec_prefix}/libexec'
localedir='${datarootdir}/locale'
localstatedir='/var'
mandir='${datarootdir}/man'
mkdir_p='$(MKDIR_P)'
oldincludedir='/usr/include'
pdfdir='${docdir}'
prefix='/usr/local'
program_transform_name='s,x,x,'
psdir='${docdir}'
sbindir='${exec_prefix}/sbin'
sharedstatedir='${prefix}/com'
sysconfdir='${prefix}/etc'
target_alias=''

## ----------- ##
## confdefs.h. ##
## ----------- ##

/* confdefs.h */
#define PACKAGE_NAME "bluez"
#define PACKAGE_TARNAME "bluez"
#define PACKAGE_VERSION "5.37"
#define PACKAGE_STRING "bluez 5.37"
#define PACKAGE_BUGREPORT ""
#define PACKAGE_URL ""
#define PACKAGE "bluez"
#define VERSION "5.37"
#define STDC_HEADERS 1
#define HAVE_SYS_TYPES_H 1
#define HAVE_SYS_STAT_H 1
#define HAVE_STDLIB_H 1
#define HAVE_STRING_H 1
#define HAVE_MEMORY_H 1
#define HAVE_STRINGS_H 1
#define HAVE_INTTYPES_H 1
#define HAVE_STDINT_H 1
#define HAVE_UNISTD_H 1
#define __EXTENSIONS__ 1
#define _ALL_SOURCE 1
#define _GNU_SOURCE 1
#define _POSIX_PTHREAD_SEMANTICS 1
#define _TANDEM_SOURCE 1
#define restrict __restrict
#define HAVE_DLFCN_H 1
#define LT_OBJDIR ".libs/"
#define HAVE_LINUX_TYPES_H 1
#define HAVE_LINUX_IF_ALG_H 1
#define HAVE_UDEV_HWDB_NEW 1
#define HAVE_READLINE_READLINE_H 1
#define STORAGEDIR "/var/lib/bluetooth"
#define CONFIGDIR "/usr/local/etc/bluetooth"
#define ANDROID_STORAGEDIR "/var/lib/bluetooth/android"

configure: exit 0
